[2020-12-26 17:49:18.403] [exthost] [info] extension host started
[2020-12-26 17:49:18.571] [exthost] [info] ExtensionService#_doActivateExtension vscode.microsoft-authentication {"startup":false,"extensionId":{"value":"vscode.microsoft-authentication","_lower":"vscode.microsoft-authentication"},"activationEvent":"onAuthenticationRequest:microsoft"}
[2020-12-26 17:49:18.571] [exthost] [info] ExtensionService#loadCommonJSModule file:///var/lib/snapd/snap/code/52/usr/share/code/resources/app/extensions/microsoft-authentication/dist/extension.js
[2020-12-26 17:49:18.588] [exthost] [info] ExtensionService#_doActivateExtension vscode.debug-auto-launch {"startup":true,"extensionId":{"value":"vscode.debug-auto-launch","_lower":"vscode.debug-auto-launch"},"activationEvent":"*"}
[2020-12-26 17:49:18.588] [exthost] [info] ExtensionService#loadCommonJSModule file:///var/lib/snapd/snap/code/52/usr/share/code/resources/app/extensions/debug-auto-launch/dist/extension
[2020-12-26 17:49:18.589] [exthost] [info] ExtensionService#_doActivateExtension vscode.emmet {"startup":true,"extensionId":{"value":"vscode.emmet","_lower":"vscode.emmet"},"activationEvent":"*"}
[2020-12-26 17:49:18.589] [exthost] [info] ExtensionService#loadCommonJSModule file:///var/lib/snapd/snap/code/52/usr/share/code/resources/app/extensions/emmet/dist/node/emmetNodeMain
[2020-12-26 17:49:18.600] [exthost] [info] ExtensionService#_doActivateExtension vscode.git {"startup":true,"extensionId":{"value":"vscode.github","_lower":"vscode.github"},"activationEvent":"*"}
[2020-12-26 17:49:18.602] [exthost] [info] ExtensionService#loadCommonJSModule file:///var/lib/snapd/snap/code/52/usr/share/code/resources/app/extensions/git/dist/main
[2020-12-26 17:49:18.611] [exthost] [info] ExtensionService#_doActivateExtension vscode.merge-conflict {"startup":true,"extensionId":{"value":"vscode.merge-conflict","_lower":"vscode.merge-conflict"},"activationEvent":"*"}
[2020-12-26 17:49:18.611] [exthost] [info] ExtensionService#loadCommonJSModule file:///var/lib/snapd/snap/code/52/usr/share/code/resources/app/extensions/merge-conflict/dist/mergeConflictMain
[2020-12-26 17:49:18.613] [exthost] [info] ExtensionService#_doActivateExtension vscode.search-result {"startup":true,"extensionId":{"value":"vscode.search-result","_lower":"vscode.search-result"},"activationEvent":"*"}
[2020-12-26 17:49:18.613] [exthost] [info] ExtensionService#loadCommonJSModule file:///var/lib/snapd/snap/code/52/usr/share/code/resources/app/extensions/search-result/dist/extension.js
[2020-12-26 17:49:18.693] [exthost] [info] ExtensionService#_doActivateExtension vscode.github {"startup":true,"extensionId":{"value":"vscode.github","_lower":"vscode.github"},"activationEvent":"*"}
[2020-12-26 17:49:18.693] [exthost] [info] ExtensionService#loadCommonJSModule file:///var/lib/snapd/snap/code/52/usr/share/code/resources/app/extensions/github/dist/extension.js
[2020-12-26 17:49:18.726] [exthost] [info] eager extensions activated
[2020-12-26 17:49:18.732] [exthost] [info] ExtensionService#_doActivateExtension ms-vscode.js-debug {"startup":false,"extensionId":{"value":"ms-vscode.js-debug","_lower":"ms-vscode.js-debug"},"activationEvent":"onCommand:extension.js-debug.clearAutoAttachVariables"}
[2020-12-26 17:49:18.732] [exthost] [info] ExtensionService#loadCommonJSModule file:///var/lib/snapd/snap/code/52/usr/share/code/resources/app/extensions/ms-vscode.js-debug/src/extension.js
[2020-12-26 17:49:18.800] [exthost] [info] ExtensionService#_doActivateExtension vscode.github-authentication {"startup":false,"extensionId":{"value":"vscode.github-authentication","_lower":"vscode.github-authentication"},"activationEvent":"onAuthenticationRequest:github"}
[2020-12-26 17:49:18.800] [exthost] [info] ExtensionService#loadCommonJSModule file:///var/lib/snapd/snap/code/52/usr/share/code/resources/app/extensions/github-authentication/dist/extension.js
[2020-12-26 17:49:18.876] [exthost] [warning] [Decorations] CAPPING events from decorations provider vscode.git 288
[2020-12-26 17:49:21.043] [exthost] [warning] [Decorations] CAPPING events from decorations provider vscode.git 289
