Looking for git in: git
Using git 2.29.2 from git
> git rev-parse --git-dir
Open repository: /home/noid
> git status -z -u
> git symbolic-ref --short HEAD
> git rev-parse master
> git rev-parse --symbolic-full-name master@{u}
> git rev-list --left-right master...refs/remotes/origin/master
> git for-each-ref --sort -committerdate --format %(refname) %(objectname) %(*objectname)
> git remote --verbose
> git config --get commit.template
> git check-ignore -v -z --stdin
> git status -z -u
> git symbolic-ref --short HEAD
> git rev-parse master
> git rev-parse --symbolic-full-name master@{u}
> git rev-list --left-right master...refs/remotes/origin/master
> git for-each-ref --sort -committerdate --format %(refname) %(objectname) %(*objectname)
> git remote --verbose
> git config --get commit.template
> git show --textconv :.config/polybar/material/bars.ini
> git ls-files --stage -- /home/noid/.config/polybar/material/bars.ini
> git cat-file -s 7adc12bd675500772c6355056ba41ab6c53151c6
> git log --format=%H%n%aN%n%aE%n%at%n%ct%n%P%n%B -z -n21 -- /home/noid/.config/polybar/material/bars.ini
> git show --textconv :.config/polybar/material/modules.ini
> git ls-files --stage -- /home/noid/.config/polybar/material/modules.ini
> git cat-file -s 2f5a7dbc45d5f8ae2af5007768b0a25e9b368e8e
> git show --textconv :.config/polybar/material/user_modules.ini
> git ls-files --stage -- /home/noid/.config/polybar/material/user_modules.ini
> git cat-file -s 45cfdcecba869f4141728851c60f5d178b9a8b75
> git status -z -u
> git symbolic-ref --short HEAD
> git rev-parse master
> git rev-parse --symbolic-full-name master@{u}
> git rev-list --left-right master...refs/remotes/origin/master
> git for-each-ref --sort -committerdate --format %(refname) %(objectname) %(*objectname)
> git remote --verbose
> git config --get commit.template
