[2020-12-26 17:35:39.440] [renderer1] [warning] [File Watcher (chokidar)] Error: ELOOP: too many symbolic links encountered, stat '/home/noid/scripts/snapd/src/snapd-2.48.2/tests/lib/snaps/test-snapd-validate-container-failures/hell/bar'
[2020-12-26 17:35:39.609] [renderer1] [warning] [File Watcher (chokidar)] Error: ELOOP: too many symbolic links encountered, stat '/home/noid/scripts/snapd/src/snapd-2.48.2/tests/lib/snaps/test-snapd-validate-container-failures/hell/bar -> baz'
[2020-12-26 17:35:39.755] [renderer1] [warning] [File Watcher (chokidar)] Error: ELOOP: too many symbolic links encountered, stat '/home/noid/scripts/snapd/src/snapd-2.48.2/tests/lib/snaps/test-snapd-validate-container-failures/hell/bar -> baz -> qux'
[2020-12-26 17:35:40.115] [renderer1] [warning] [File Watcher (chokidar)] Error: ELOOP: too many symbolic links encountered, stat '/home/noid/scripts/snapd/src/snapd-2.48.2/tests/lib/snaps/test-snapd-validate-container-failures/hell/bar -> qux'
[2020-12-26 17:35:40.529] [renderer1] [warning] [File Watcher (chokidar)] Error: ELOOP: too many symbolic links encountered, stat '/home/noid/scripts/snapd/src/snapd-2.48.2/tests/lib/snaps/test-snapd-validate-container-failures/hell/baz'
[2020-12-26 17:35:40.605] [renderer1] [warning] [File Watcher (chokidar)] Error: ELOOP: too many symbolic links encountered, stat '/home/noid/scripts/snapd/src/snapd-2.48.2/tests/lib/snaps/test-snapd-validate-container-failures/hell/baz -> qux'
[2020-12-26 17:35:40.871] [renderer1] [warning] [File Watcher (chokidar)] Error: ELOOP: too many symbolic links encountered, stat '/home/noid/scripts/snapd/src/snapd-2.48.2/tests/lib/snaps/test-snapd-validate-container-failures/hell/foo'
[2020-12-26 17:35:41.420] [renderer1] [warning] [File Watcher (chokidar)] Error: ELOOP: too many symbolic links encountered, stat '/home/noid/scripts/snapd/src/snapd-2.48.2/tests/lib/snaps/test-snapd-validate-container-failures/hell/foo -> bar'
[2020-12-26 17:35:41.484] [renderer1] [warning] [File Watcher (chokidar)] Error: ELOOP: too many symbolic links encountered, stat '/home/noid/scripts/snapd/src/snapd-2.48.2/tests/lib/snaps/test-snapd-validate-container-failures/hell/foo -> bar -> baz'
[2020-12-26 17:35:41.516] [renderer1] [warning] [File Watcher (chokidar)] Error: ELOOP: too many symbolic links encountered, stat '/home/noid/scripts/snapd/src/go/src/github.com/snapcore/snapd/tests/lib/snaps/test-snapd-validate-container-failures/hell/bar'
[2020-12-26 17:35:41.572] [renderer1] [warning] [File Watcher (chokidar)] Error: ELOOP: too many symbolic links encountered, stat '/home/noid/scripts/snapd/src/snapd-2.48.2/tests/lib/snaps/test-snapd-validate-container-failures/hell/foo -> bar -> qux'
[2020-12-26 17:35:41.600] [renderer1] [warning] [File Watcher (chokidar)] Error: ELOOP: too many symbolic links encountered, stat '/home/noid/scripts/snapd/src/snapd-2.48.2/tests/lib/snaps/test-snapd-validate-container-failures/hell/foo -> baz'
[2020-12-26 17:35:41.604] [renderer1] [warning] [File Watcher (chokidar)] Error: ELOOP: too many symbolic links encountered, stat '/home/noid/scripts/snapd/src/go/src/github.com/snapcore/snapd/tests/lib/snaps/test-snapd-validate-container-failures/hell/bar -> baz'
[2020-12-26 17:35:41.643] [renderer1] [warning] [File Watcher (chokidar)] Error: ELOOP: too many symbolic links encountered, stat '/home/noid/scripts/snapd/src/snapd-2.48.2/tests/lib/snaps/test-snapd-validate-container-failures/hell/foo -> baz -> qux'
[2020-12-26 17:35:41.651] [renderer1] [warning] [File Watcher (chokidar)] Error: ELOOP: too many symbolic links encountered, stat '/home/noid/scripts/snapd/src/go/src/github.com/snapcore/snapd/tests/lib/snaps/test-snapd-validate-container-failures/hell/bar -> baz -> qux'
[2020-12-26 17:35:41.655] [renderer1] [warning] [File Watcher (chokidar)] Error: ELOOP: too many symbolic links encountered, stat '/home/noid/scripts/snapd/src/snapd-2.48.2/tests/lib/snaps/test-snapd-validate-container-failures/hell/foo -> qux'
[2020-12-26 17:35:41.672] [renderer1] [warning] [File Watcher (chokidar)] Error: ELOOP: too many symbolic links encountered, stat '/home/noid/scripts/snapd/src/snapd-2.48.2/tests/lib/snaps/test-snapd-validate-container-failures/hell/qux'
[2020-12-26 17:35:41.674] [renderer1] [warning] [File Watcher (chokidar)] Error: ELOOP: too many symbolic links encountered, stat '/home/noid/scripts/snapd/src/go/src/github.com/snapcore/snapd/tests/lib/snaps/test-snapd-validate-container-failures/hell/bar -> qux'
[2020-12-26 17:35:41.695] [renderer1] [warning] [File Watcher (chokidar)] Error: ELOOP: too many symbolic links encountered, stat '/home/noid/scripts/snapd/src/go/src/github.com/snapcore/snapd/tests/lib/snaps/test-snapd-validate-container-failures/hell/baz'
[2020-12-26 17:35:41.706] [renderer1] [warning] [File Watcher (chokidar)] Error: ELOOP: too many symbolic links encountered, stat '/home/noid/scripts/snapd/src/go/src/github.com/snapcore/snapd/tests/lib/snaps/test-snapd-validate-container-failures/hell/baz -> qux'
[2020-12-26 17:35:41.720] [renderer1] [warning] [File Watcher (chokidar)] Error: ELOOP: too many symbolic links encountered, stat '/home/noid/scripts/snapd/src/go/src/github.com/snapcore/snapd/tests/lib/snaps/test-snapd-validate-container-failures/hell/foo'
[2020-12-26 17:35:41.728] [renderer1] [warning] [File Watcher (chokidar)] Error: ELOOP: too many symbolic links encountered, stat '/home/noid/scripts/snapd/src/go/src/github.com/snapcore/snapd/tests/lib/snaps/test-snapd-validate-container-failures/hell/foo -> bar'
[2020-12-26 17:35:41.745] [renderer1] [warning] [File Watcher (chokidar)] Error: ELOOP: too many symbolic links encountered, stat '/home/noid/scripts/snapd/src/go/src/github.com/snapcore/snapd/tests/lib/snaps/test-snapd-validate-container-failures/hell/foo -> bar -> baz'
[2020-12-26 17:35:41.755] [renderer1] [warning] [File Watcher (chokidar)] Error: ELOOP: too many symbolic links encountered, stat '/home/noid/scripts/snapd/src/go/src/github.com/snapcore/snapd/tests/lib/snaps/test-snapd-validate-container-failures/hell/foo -> bar -> qux'
[2020-12-26 17:35:41.767] [renderer1] [warning] [File Watcher (chokidar)] Error: ELOOP: too many symbolic links encountered, stat '/home/noid/scripts/snapd/src/go/src/github.com/snapcore/snapd/tests/lib/snaps/test-snapd-validate-container-failures/hell/foo -> baz'
[2020-12-26 17:35:41.774] [renderer1] [warning] [File Watcher (chokidar)] Error: ELOOP: too many symbolic links encountered, stat '/home/noid/scripts/snapd/src/go/src/github.com/snapcore/snapd/tests/lib/snaps/test-snapd-validate-container-failures/hell/foo -> baz -> qux'
[2020-12-26 17:35:41.780] [renderer1] [warning] [File Watcher (chokidar)] Error: ELOOP: too many symbolic links encountered, stat '/home/noid/scripts/snapd/src/go/src/github.com/snapcore/snapd/tests/lib/snaps/test-snapd-validate-container-failures/hell/foo -> qux'
[2020-12-26 17:35:41.794] [renderer1] [warning] [File Watcher (chokidar)] Error: ELOOP: too many symbolic links encountered, stat '/home/noid/scripts/snapd/src/go/src/github.com/snapcore/snapd/tests/lib/snaps/test-snapd-validate-container-failures/hell/qux'
